<?xml version="1.0" encoding="UTF-8" ?>
<testsuite errors="0" failures="0" hostname="DESKTOP-5ESEA55" name="dominio.AlimentoTest" skipped="0" tests="17" time="0.231" timestamp="2020-06-15T00:29:01">
  <properties>
[...]
</properties>
  <testcase classname="dominio.AlimentoTest" name="testEqualsIguales" time="0.168" />
  <testcase classname="dominio.AlimentoTest" name="testHashCodeEsDisttinto" time="0.001" />
  <testcase classname="dominio.AlimentoTest" name="testSetsGetsFotoAlimento" time="0.001" />
  <testcase classname="dominio.AlimentoTest" name="testToStringDatosCorrectos" time="0.001" />
  <testcase classname="dominio.AlimentoTest" name="testSetsGetsNullTipo" time="0.001" />
  <testcase classname="dominio.AlimentoTest" name="testSetsGetsNullListaNutrientes" time="0.0" />
  <testcase classname="dominio.AlimentoTest" name="testSetsGetsListaNutrientesDatosVacios" time="0.0" />
  <testcase classname="dominio.AlimentoTest" name="testEqualsDiferentes" time="0.001" />
  <testcase classname="dominio.AlimentoTest" name="testToStringNullNombre" time="0.0" />
  <testcase classname="dominio.AlimentoTest" name="testSetsGetsNombreDatosVacios" time="0.0" />
  <testcase classname="dominio.AlimentoTest" name="testSetsGetsTipoDatosVacios" time="0.001" />
  <testcase classname="dominio.AlimentoTest" name="testHashCodeEsIgual" time="0.0" />
  <testcase classname="dominio.AlimentoTest" name="testSetsGetsDatosCorrectosNutrientes" time="0.0" />
  <testcase classname="dominio.AlimentoTest" name="testSetsGetsDatosCorrectosTipo" time="0.0" />
  <testcase classname="dominio.AlimentoTest" name="testSetsGetsDatosCorrectosNombre" time="0.0" />
  <testcase classname="dominio.AlimentoTest" name="testEqualsConNull" time="0.001" />
  <testcase classname="dominio.AlimentoTest" name="testToStringNull" time="0.001" />
  <system-out><![CDATA[]]></system-out>
  <system-err><![CDATA[]]></system-err>
</testsuite>
