<?xml version="1.0" encoding="UTF-8" ?>
<testsuite errors="0" failures="0" hostname="jbrbc-xps" name="dominio.IngestaTest" skipped="0" tests="8" time="0.23" timestamp="2020-06-14T23:29:08">
  <properties>
[...]
</properties>
  <testcase classname="dominio.IngestaTest" name="testHashCodeEsDistinto" time="0.126" />
  <testcase classname="dominio.IngestaTest" name="testEqualsIgualesLista" time="0.0" />
  <testcase classname="dominio.IngestaTest" name="testGetsSetsDatosValidosToString" time="0.0" />
  <testcase classname="dominio.IngestaTest" name="testToStringListaAlimentosPorFechaVacia" time="0.0" />
  <testcase classname="dominio.IngestaTest" name="testHashCodeEsIgual" time="0.0" />
  <testcase classname="dominio.IngestaTest" name="testEqualsDistintosFecha" time="0.0" />
  <testcase classname="dominio.IngestaTest" name="testEqualsConNull" time="0.0" />
  <testcase classname="dominio.IngestaTest" name="testGetsSetsDatosValidosListaAlimentos" time="0.0" />
  <system-out><![CDATA[]]></system-out>
  <system-err><![CDATA[]]></system-err>
</testsuite>
